# JRE version: Java(TM) SE Runtime Environment (8.0_40-b26) (build 1.8.0_40-b26)
# Java VM: Java HotSpot(TM) 64-Bit Server VM (25.40-b25 mixed mode windows-amd64 compressed oops)
Heap:
 PSYoungGen      total 98304K, used 52689K [0x00000000eae00000, 0x00000000f5680000, 0x0000000100000000)
  eden space 90624K, 58% used [0x00000000eae00000,0x00000000ee1744c8,0x00000000f0680000)
  from space 7680K, 0% used [0x00000000f4f00000,0x00000000f4f00000,0x00000000f5680000)
  to   space 32768K, 0% used [0x00000000f1680000,0x00000000f1680000,0x00000000f3680000)
 ParOldGen       total 78336K, used 41546K [0x00000000c0a00000, 0x00000000c5680000, 0x00000000eae00000)
  object space 78336K, 53% used [0x00000000c0a00000,0x00000000c3292b88,0x00000000c5680000)
 Metaspace       used 45372K, capacity 46458K, committed 46896K, reserved 1089536K
  class space    used 5547K, capacity 5865K, committed 5936K, reserved 1048576K
GC Heap History (10 events):
Event: 1309.507 GC heap before
{Heap before GC invocations=17 (full 2):
 PSYoungGen      total 118784K, used 101376K [0x00000000eae00000, 0x00000000f3a80000, 0x0000000100000000)
  eden space 101376K, 100% used [0x00000000eae00000,0x00000000f1100000,0x00000000f1100000)
  from space 17408K, 0% used [0x00000000f2200000,0x00000000f2200000,0x00000000f3300000)
  to   space 17408K, 0% used [0x00000000f1100000,0x00000000f1100000,0x00000000f2200000)
 ParOldGen       total 52224K, used 20047K [0x00000000c0a00000, 0x00000000c3d00000, 0x00000000eae00000)
  object space 52224K, 38% used [0x00000000c0a00000,0x00000000c1d93f38,0x00000000c3d00000)
 Metaspace       used 37669K, capacity 38510K, committed 38960K, reserved 1083392K
  class space    used 4511K, capacity 4787K, committed 4912K, reserved 1048576K
Event: 1309.551 GC heap after
Heap after GC invocations=17 (full 2):
 PSYoungGen      total 118784K, used 17376K [0x00000000eae00000, 0x00000000f6b80000, 0x0000000100000000)
  eden space 101376K, 0% used [0x00000000eae00000,0x00000000eae00000,0x00000000f1100000)
  from space 17408K, 99% used [0x00000000f1100000,0x00000000f21f83f8,0x00000000f2200000)
  to   space 22016K, 0% used [0x00000000f5600000,0x00000000f5600000,0x00000000f6b80000)
 ParOldGen       total 52224K, used 24453K [0x00000000c0a00000, 0x00000000c3d00000, 0x00000000eae00000)
  object space 52224K, 46% used [0x00000000c0a00000,0x00000000c21e1610,0x00000000c3d00000)
 Metaspace       used 37669K, capacity 38510K, committed 38960K, reserved 1083392K
  class space    used 4511K, capacity 4787K, committed 4912K, reserved 1048576K
}
Event: 1399.537 GC heap before
{Heap before GC invocations=18 (full 2):
 PSYoungGen      total 118784K, used 118752K [0x00000000eae00000, 0x00000000f6b80000, 0x0000000100000000)
  eden space 101376K, 100% used [0x00000000eae00000,0x00000000f1100000,0x00000000f1100000)
  from space 17408K, 99% used [0x00000000f1100000,0x00000000f21f83f8,0x00000000f2200000)
  to   space 22016K, 0% used [0x00000000f5600000,0x00000000f5600000,0x00000000f6b80000)
 ParOldGen       total 52224K, used 24457K [0x00000000c0a00000, 0x00000000c3d00000, 0x00000000eae00000)
  object space 52224K, 46% used [0x00000000c0a00000,0x00000000c21e26c8,0x00000000c3d00000)
 Metaspace       used 39178K, capacity 40234K, committed 40496K, reserved 1085440K
  class space    used 4715K, capacity 5061K, committed 5168K, reserved 1048576K
Event: 1399.576 GC heap after
Heap after GC invocations=18 (full 2):
 PSYoungGen      total 119808K, used 21989K [0x00000000eae00000, 0x00000000f6b80000, 0x0000000100000000)
  eden space 97792K, 0% used [0x00000000eae00000,0x00000000eae00000,0x00000000f0d80000)
  from space 22016K, 99% used [0x00000000f5600000,0x00000000f6b79470,0x00000000f6b80000)
  to   space 26624K, 0% used [0x00000000f3780000,0x00000000f3780000,0x00000000f5180000)
 ParOldGen       total 52224K, used 26328K [0x00000000c0a00000, 0x00000000c3d00000, 0x00000000eae00000)
  object space 52224K, 50% used [0x00000000c0a00000,0x00000000c23b6038,0x00000000c3d00000)
 Metaspace       used 39178K, capacity 40234K, committed 40496K, reserved 1085440K
  class space    used 4715K, capacity 5061K, committed 5168K, reserved 1048576K
}
Event: 1588.390 GC heap before
{Heap before GC invocations=19 (full 2):
 PSYoungGen      total 119808K, used 119781K [0x00000000eae00000, 0x00000000f6b80000, 0x0000000100000000)
  eden space 97792K, 100% used [0x00000000eae00000,0x00000000f0d80000,0x00000000f0d80000)
  from space 22016K, 99% used [0x00000000f5600000,0x00000000f6b79470,0x00000000f6b80000)
  to   space 26624K, 0% used [0x00000000f3780000,0x00000000f3780000,0x00000000f5180000)
 ParOldGen       total 52224K, used 26332K [0x00000000c0a00000, 0x00000000c3d00000, 0x00000000eae00000)
  object space 52224K, 50% used [0x00000000c0a00000,0x00000000c23b7208,0x00000000c3d00000)
 Metaspace       used 40477K, capacity 41588K, committed 41904K, reserved 1085440K
  class space    used 4874K, capacity 5232K, committed 5296K, reserved 1048576K
Event: 1588.427 GC heap after
Heap after GC invocations=19 (full 2):
 PSYoungGen      total 118272K, used 24049K [0x00000000eae00000, 0x00000000f5680000, 0x0000000100000000)
  eden space 94208K, 0% used [0x00000000eae00000,0x00000000eae00000,0x00000000f0a00000)
  from space 24064K, 99% used [0x00000000f3780000,0x00000000f4efc688,0x00000000f4f00000)
  to   space 7680K, 0% used [0x00000000f4f00000,0x00000000f4f00000,0x00000000f5680000)
 ParOldGen       total 52224K, used 26889K [0x00000000c0a00000, 0x00000000c3d00000, 0x00000000eae00000)
  object space 52224K, 51% used [0x00000000c0a00000,0x00000000c2442720,0x00000000c3d00000)
 Metaspace       used 40477K, capacity 41588K, committed 41904K, reserved 1085440K
  class space    used 4874K, capacity 5232K, committed 5296K, reserved 1048576K
}
Event: 1647.677 GC heap before
{Heap before GC invocations=20 (full 2):
 PSYoungGen      total 118272K, used 118257K [0x00000000eae00000, 0x00000000f5680000, 0x0000000100000000)
  eden space 94208K, 100% used [0x00000000eae00000,0x00000000f0a00000,0x00000000f0a00000)
  from space 24064K, 99% used [0x00000000f3780000,0x00000000f4efc688,0x00000000f4f00000)
  to   space 7680K, 0% used [0x00000000f4f00000,0x00000000f4f00000,0x00000000f5680000)
 ParOldGen       total 52224K, used 26894K [0x00000000c0a00000, 0x00000000c3d00000, 0x00000000eae00000)
  object space 52224K, 51% used [0x00000000c0a00000,0x00000000c2443a88,0x00000000c3d00000)
 Metaspace       used 42088K, capacity 43288K, committed 43696K, reserved 1087488K
  class space    used 5083K, capacity 5434K, committed 5552K, reserved 1048576K
Event: 1647.703 GC heap after
Heap after GC invocations=20 (full 2):
 PSYoungGen      total 98304K, used 7669K [0x00000000eae00000, 0x00000000f5680000, 0x0000000100000000)
  eden space 90624K, 0% used [0x00000000eae00000,0x00000000eae00000,0x00000000f0680000)
  from space 7680K, 99% used [0x00000000f4f00000,0x00000000f567d7d0,0x00000000f5680000)
  to   space 32768K, 0% used [0x00000000f1680000,0x00000000f1680000,0x00000000f3680000)
 ParOldGen       total 52224K, used 43539K [0x00000000c0a00000, 0x00000000c3d00000, 0x00000000eae00000)
  object space 52224K, 83% used [0x00000000c0a00000,0x00000000c3484ed0,0x00000000c3d00000)
 Metaspace       used 42088K, capacity 43288K, committed 43696K, reserved 1087488K
  class space    used 5083K, capacity 5434K, committed 5552K, reserved 1048576K
}
Event: 1647.703 GC heap before
{Heap before GC invocations=21 (full 3):
 PSYoungGen      total 98304K, used 7669K [0x00000000eae00000, 0x00000000f5680000, 0x0000000100000000)
  eden space 90624K, 0% used [0x00000000eae00000,0x00000000eae00000,0x00000000f0680000)
  from space 7680K, 99% used [0x00000000f4f00000,0x00000000f567d7d0,0x00000000f5680000)
  to   space 32768K, 0% used [0x00000000f1680000,0x00000000f1680000,0x00000000f3680000)
 ParOldGen       total 52224K, used 43539K [0x00000000c0a00000, 0x00000000c3d00000, 0x00000000eae00000)
  object space 52224K, 83% used [0x00000000c0a00000,0x00000000c3484ed0,0x00000000c3d00000)
 Metaspace       used 42088K, capacity 43288K, committed 43696K, reserved 1087488K
  class space    used 5083K, capacity 5434K, committed 5552K, reserved 1048576K
Event: 1647.896 GC heap after
Heap after GC invocations=21 (full 3):
 PSYoungGen      total 98304K, used 0K [0x00000000eae00000, 0x00000000f5680000, 0x0000000100000000)
  eden space 90624K, 0% used [0x00000000eae00000,0x00000000eae00000,0x00000000f0680000)
  from space 7680K, 0% used [0x00000000f4f00000,0x00000000f4f00000,0x00000000f5680000)
  to   space 32768K, 0% used [0x00000000f1680000,0x00000000f1680000,0x00000000f3680000)
 ParOldGen       total 78336K, used 41546K [0x00000000c0a00000, 0x00000000c5680000, 0x00000000eae00000)
  object space 78336K, 53% used [0x00000000c0a00000,0x00000000c3292b88,0x00000000c5680000)
 Metaspace       used 42011K, capacity 43130K, committed 43696K, reserved 1087488K
  class space    used 5066K, capacity 5403K, committed 5552K, reserved 1048576K
}

